mode: set
messanger/services/receiptManage/internal/Delivery/http/handlers.go:15.45,18.45 2 1
messanger/services/receiptManage/internal/Delivery/http/handlers.go:22.2,24.16 2 1
messanger/services/receiptManage/internal/Delivery/http/handlers.go:29.2,29.45 1 1
messanger/services/receiptManage/internal/Delivery/http/handlers.go:18.45,21.3 2 0
messanger/services/receiptManage/internal/Delivery/http/handlers.go:24.16,27.3 2 1
messanger/services/receiptManage/internal/Delivery/http/handlers.go:32.45,35.16 2 1
messanger/services/receiptManage/internal/Delivery/http/handlers.go:40.2,41.16 2 1
messanger/services/receiptManage/internal/Delivery/http/handlers.go:45.2,45.35 1 1
messanger/services/receiptManage/internal/Delivery/http/handlers.go:35.16,38.3 2 1
messanger/services/receiptManage/internal/Delivery/http/handlers.go:41.16,44.3 2 1
messanger/services/receiptManage/internal/Delivery/http/handlers.go:49.42,52.16 2 1
messanger/services/receiptManage/internal/Delivery/http/handlers.go:57.2,58.16 2 1
messanger/services/receiptManage/internal/Delivery/http/handlers.go:62.2,62.40 1 1
messanger/services/receiptManage/internal/Delivery/http/handlers.go:52.16,55.3 2 1
messanger/services/receiptManage/internal/Delivery/http/handlers.go:58.16,61.3 2 1
messanger/services/receiptManage/internal/Delivery/http/handlers.go:66.45,68.16 2 1
messanger/services/receiptManage/internal/Delivery/http/handlers.go:72.2,72.41 1 1
messanger/services/receiptManage/internal/Delivery/http/handlers.go:68.16,71.3 2 0
messanger/services/receiptManage/internal/Delivery/http/handlers.go:76.45,78.16 2 1
messanger/services/receiptManage/internal/Delivery/http/handlers.go:83.2,85.45 2 1
messanger/services/receiptManage/internal/Delivery/http/handlers.go:89.2,91.16 2 1
messanger/services/receiptManage/internal/Delivery/http/handlers.go:96.2,96.40 1 1
messanger/services/receiptManage/internal/Delivery/http/handlers.go:78.16,81.3 2 1
messanger/services/receiptManage/internal/Delivery/http/handlers.go:85.45,88.3 2 0
messanger/services/receiptManage/internal/Delivery/http/handlers.go:91.16,94.3 2 1
messanger/services/receiptManage/internal/Delivery/http/router.go:13.32,16.38 2 0
messanger/services/receiptManage/internal/Delivery/http/router.go:22.2,22.10 1 0
messanger/services/receiptManage/internal/Delivery/http/router.go:16.38,20.3 1 0
messanger/services/receiptManage/internal/Delivery/http/router.go:25.51,30.2 1 0
messanger/services/receiptManage/internal/Delivery/http/router.go:32.35,39.2 6 0
